#
# A fatal error has been detected by the Java Runtime Environment:
#
#  SIGSEGV (0xb) at pc=0x0000000000000000, pid=32871, tid=32947
#
# JRE version: OpenJDK Runtime Environment (26.0) (build 26-internal-adhoc.dcsl.dchuyko)
# Java VM: OpenJDK 64-Bit Server VM (26-internal-adhoc.dcsl.dchuyko, mixed mode, tiered, compressed oops, compressed class ptrs, shenandoah gc, linux-aarch64)
# Problematic frame:
# V  [libjvm.so+0xbd14bc]  MachNode::in_RegMask(unsigned int) const+0xb8
#
# No core dump will be written. Core dumps have been disabled. To enable core dumping, try "ulimit -c unlimited" before starting Java again
#
# If you would like to submit a bug report, please visit:
#   https://bugreport.java.com/bugreport/crash.jsp
#

---------------  S U M M A R Y ------------

Command Line: --add-opens=java.base/java.lang=ALL-UNNAMED --add-opens=java.base/java.util=ALL-UNNAMED --add-opens=java.base/java.lang.invoke=ALL-UNNAMED --add-opens=java.base/java.io=ALL-UNNAMED --add-opens=java.base/java.net=ALL-UNNAMED --add-opens=java.base/java.nio=ALL-UNNAMED --add-opens=java.base/java.time=ALL-UNNAMED --add-opens=java.base/sun.nio.ch=ALL-UNNAMED --add-opens=java.base/jdk.internal.misc=ALL-UNNAMED --add-opens=java.base/jdk.internal.ref=ALL-UNNAMED --add-opens=java.base/jdk.internal.loader=ALL-UNNAMED --add-opens=java.base/jdk.internal.vm=ALL-UNNAMED --add-opens=java.base/jdk.internal.vm.annotation=ALL-UNNAMED --add-opens=java.base/jdk.internal.reflect=ALL-UNNAMED --add-opens=java.base/jdk.internal.module=ALL-UNNAMED -XX:+UnlockDiagnosticVMOptions -XX:+UseShenandoahGC -XX:+UseCompressedOops -Xmx4g -XX:-DoEscapeAnalysis -XX:ShenandoahGCHeuristics=aggressive /wf/jars/renaissance-jmh-0.16.1.jar -f 1 -wi 10 -i 10 Finagle

Host: AArch64, 64 cores, 247G, Amazon Linux release 2 (Karoo)
Time: Thu Jan 29 23:34:35 2026 UTC elapsed time: 0.174986 seconds (0d 0h 0m 0s)

---------------  T H R E A D  ---------------

Current thread (0x0000ffff7c287820):  JavaThread "C2 CompilerThread0" daemon [_thread_in_native, id=32947, stack(0x0000fffe4340c000,0x0000fffe4360a000) (2040K)]


Current CompileTask:
C2:175  230       4       java.io.BufferedInputStream::getBufIfOpen (61 bytes)

Stack: [0x0000fffe4340c000,0x0000fffe4360a000],  sp=0x0000fffe43605c60,  free space=2023k
Native frames: (J=compiled Java code, j=interpreted, Vv=VM code, C=native code)
V  [libjvm.so+0xbd14bc]  MachNode::in_RegMask(unsigned int) const+0xb8